#
# A fatal error has been detected by the Java Runtime Environment:
#
#  SIGSEGV (0xb) at pc=0x000000010be6dd68, pid=70502, tid=0x0000000000003f03
#
# JRE version: Java(TM) SE Runtime Environment (8.0_101-b13) (build 1.8.0_101-b13)
# Java VM: Java HotSpot(TM) 64-Bit Server VM (25.101-b13 mixed mode bsd-amd64 compressed oops)
# Problematic frame:
# C  [libjdwp.dylib+0x21d68]  jvmtiAllocate+0x1d
#
# Failed to write core dump. Core dumps have been disabled. To enable core dumping, try "ulimit -c unlimited" before starting Java again
#
# If you would like to submit a bug report, please visit:
#   http://bugreport.java.com/bugreport/crash.jsp
# The crash happened outside the Java Virtual Machine in native code.
# See problematic frame for where to report the bug.
#

---------------  T H R E A D  ---------------

Current thread (0x00007fa8f9800000):  JavaThread "JDWP Command Reader" daemon [_thread_in_native, id=16131, stack(0x0000700006ab8000,0x0000700006bb8000)]

siginfo: si_signo: 11 (SIGSEGV), si_code: 1 (SEGV_MAPERR), si_addr: 0x0000000000000000

Registers:
RAX=0x0000000000000000, RBX=0x000000011090238a, RCX=0x0000000000000009, RDX=0x0000700006bb7b69
RSP=0x0000700006bb7b20, RBP=0x0000700006bb7b50, RSI=0x000000000000f000, RDI=0x0000000000000022
R8 =0x0000700006bb7b69, R9 =0x0000000000000000, R10=0x00007fa8f5421d60, R11=0x00007fff587e67b5
R12=0x000000010be73e7a, R13=0x00007fa8f56495a0, R14=0x000000000000000a, R15=0x000000010be72891
RIP=0x000000010be6dd68, EFLAGS=0x0000000000010206, ERR=0x0000000000000004
  TRAPNO=0x000000000000000e

Top of Stack: (sp=0x0000700006bb7b20)
0x0000700006bb7b20:   0000000000000004 ffffffffffffffe7
0x0000700006bb7b30:   0000000000000000 000000000000010d
0x0000700006bb7b40:   000000011090238a 000000000000000a
0x0000700006bb7b50:   0000700006bb7c80 0000000110901792
0x0000700006bb7b60:   0000700006bb7bb0 6c696620646142ce
0x0000700006bb7b70:   6972637365642065 00000000726f7470
0x0000700006bb7b80:   0000000000000000 0000000000000000
0x0000700006bb7b90:   0000000000000000 0000000000000000
0x0000700006bb7ba0:   0000000000000000 0000000000000000
0x0000700006bb7bb0:   0000000000000000 0000000000000000
0x0000700006bb7bc0:   0000000000000000 0000000000000000
0x0000700006bb7bd0:   0000000000000000 0000000000000000
0x0000700006bb7be0:   0000000000000000 0000000000000000
0x0000700006bb7bf0:   0000000000000000 0000000000000000
0x0000700006bb7c00:   0000000000000000 0000000000000000
0x0000700006bb7c10:   0000000000000000 0000000000000000
0x0000700006bb7c20:   0000000000000000 0000000000000000
0x0000700006bb7c30:   0000000000000000 0000000000000000
0x0000700006bb7c40:   0000000000000000 0000000000000000
0x0000700006bb7c50:   0000000000000000 0000000000000000
0x0000700006bb7c60:   0000000000000000 58bd366295dc001a
0x0000700006bb7c70:   0000700006bb7d00 000000010be73e95
0x0000700006bb7c80:   0000700006bb7cb0 00000001109012ff
0x0000700006bb7c90:   0000700006bb7cd0 000000010be6ea19
0x0000700006bb7ca0:   0000700006bb7d00 000000010be73e95
0x0000700006bb7cb0:   0000700006bb7cd0 000000010be6ab71
0x0000700006bb7cc0:   000000010be73e6e 000000010be73e95
0x0000700006bb7cd0:   0000700006bb7d40 000000010be5a9c9
0x0000700006bb7ce0:   0000700006bb7d10 00007fff587e8cf1
0x0000700006bb7cf0:   0000700006bb7d20 0000000000293501
0x0000700006bb7d00:   0000e42a0000004f 0000000000020100
0x0000700006bb7d10:   00007fa8f561fd30 00007fa8f9800000 

Instructions: (pc=0x000000010be6dd68)
0x000000010be6dd48:   5e 5d c3 55 48 89 e5 41 56 53 48 83 ec 20 85 ff
0x000000010be6dd58:   0f 84 85 00 00 00 48 8b 05 33 18 01 00 48 8b 00
0x000000010be6dd68:   48 8b 08 48 63 f7 48 8d 55 e8 48 89 c7 ff 91 68
0x000000010be6dd78:   01 00 00 85 c0 74 5e 89 c3 89 df e8 66 ce fe ff 

Register to memory mapping:

RAX=0x0000000000000000 is an unknown value
RBX=0x000000011090238a: dbgsysConnect+0x2fe in /Library/Java/JavaVirtualMachines/jdk1.8.0_101.jdk/Contents/Home/jre/lib/libdt_socket.dylib at 0x0000000110900000
RCX=0x0000000000000009 is an unknown value
RDX=0x0000700006bb7b69 is pointing into the stack for thread: 0x00007fa8f9800000
RSP=0x0000700006bb7b20 is pointing into the stack for thread: 0x00007fa8f9800000
RBP=0x0000700006bb7b50 is pointing into the stack for thread: 0x00007fa8f9800000
RSI=0x000000000000f000 is an unknown value
RDI=0x0000000000000022 is an unknown value
R8 =0x0000700006bb7b69 is pointing into the stack for thread: 0x00007fa8f9800000
R9 =0x0000000000000000 is an unknown value
R10=0x00007fa8f5421d60 is an unknown value
R11=0x00007fff587e67b5: pthread_getspecific+0 in /usr/lib/system/libsystem_pthread.dylib at 0x00007fff587e5000
R12=0x000000010be73e7a: util_initialize+0x25dd in /Library/Java/JavaVirtualMachines/jdk1.8.0_101.jdk/Contents/Home/jre/lib/libjdwp.dylib at 0x000000010be4c000
R13=0x00007fa8f56495a0 is an unknown value
R14=0x000000000000000a is an unknown value
R15=0x000000010be72891: util_initialize+0xff4 in /Library/Java/JavaVirtualMachines/jdk1.8.0_101.jdk/Contents/Home/jre/lib/libjdwp.dylib at 0x000000010be4c000


Stack: [0x0000700006ab8000,0x0000700006bb8000],  sp=0x0000700006bb7b20,  free space=1022k
Native frames: (J=compiled Java code, j=interpreted, Vv=VM code, C=native code)
C  [libjdwp.dylib+0x21d68]  jvmtiAllocate+0x1d
C  [libdt_socket.dylib+0x1792]  setLastError+0x87
C  [libdt_socket.dylib+0x12ff]  socketTransport_readPacket+0x67
C  [libjdwp.dylib+0x1eb71]  transport_receivePacket+0x1a
C  [libjdwp.dylib+0xe9c9]  reader+0x72
V  [libjvm.dylib+0x399438]  JvmtiAgentThread::call_start_function()+0x38
V  [libjvm.dylib+0x5695ab]  JavaThread::thread_main_inner()+0x9b
V  [libjvm.dylib+0x56ac98]  JavaThread::run()+0x1c2
V  [libjvm.dylib+0x48933a]  java_start(Thread*)+0xf6
C  [libsystem_pthread.dylib+0x3305]  _pthread_body+0x7e
C  [libsystem_pthread.dylib+0x626f]  _pthread_start+0x46
C  [libsystem_pthread.dylib+0x2415]  thread_start+0xd
C  0x0000000000000000


---------------  P R O C E S S  ---------------

Java Threads: ( => current thread )
  0x00007fa8f7847000 JavaThread "Service Thread" daemon [_thread_blocked, id=22019, stack(0x0000700006fc7000,0x00007000070c7000)]
  0x00007fa8f7846000 JavaThread "C1 CompilerThread3" daemon [_thread_blocked, id=21763, stack(0x0000700006ec4000,0x0000700006fc4000)]
  0x00007fa8f7824000 JavaThread "C2 CompilerThread2" daemon [_thread_blocked, id=14851, stack(0x0000700006dc1000,0x0000700006ec1000)]
  0x00007fa8f7838000 JavaThread "C2 CompilerThread1" daemon [_thread_blocked, id=15619, stack(0x0000700006cbe000,0x0000700006dbe000)]
  0x00007fa8f805e000 JavaThread "C2 CompilerThread0" daemon [_thread_in_native, id=14595, stack(0x0000700006bbb000,0x0000700006cbb000)]
=>0x00007fa8f9800000 JavaThread "JDWP Command Reader" daemon [_thread_in_native, id=16131, stack(0x0000700006ab8000,0x0000700006bb8000)]
  0x00007fa8f6006800 JavaThread "JDWP Event Helper Thread" daemon [_thread_blocked, id=16643, stack(0x00007000069b5000,0x0000700006ab5000)]
  0x00007fa8f6005800 JavaThread "JDWP Transport Listener: dt_socket" daemon [_thread_blocked, id=16903, stack(0x00007000068b2000,0x00007000069b2000)]
  0x00007fa8f802e800 JavaThread "Signal Dispatcher" daemon [_thread_blocked, id=17411, stack(0x00007000067af000,0x00007000068af000)]
  0x00007fa8f6005000 JavaThread "Finalizer" daemon [_thread_blocked, id=12547, stack(0x00007000066ac000,0x00007000067ac000)]
  0x00007fa8f801d000 JavaThread "Reference Handler" daemon [_thread_blocked, id=12291, stack(0x00007000065a9000,0x00007000066a9000)]
  0x00007fa8f7803000 JavaThread "main" [_thread_blocked, id=9475, stack(0x0000700005b8b000,0x0000700005c8b000)]

Other Threads:
  0x00007fa8f8018800 VMThread [stack: 0x00007000064a6000,0x00007000065a6000] [id=12035]

VM state:at safepoint (normal execution)

VM Mutex/Monitor currently owned by a thread:  ([mutex/lock_event])
[0x00007fa8f55035f0] Threads_lock - owner thread: 0x00007fa8f8018800

Heap:
 PSYoungGen      total 398336K, used 13791K [0x000000076ab00000, 0x0000000785e80000, 0x00000007c0000000)
  eden space 369152K, 3% used [0x000000076ab00000,0x000000076b877dc8,0x0000000781380000)
  from space 29184K, 0% used [0x0000000783600000,0x0000000783600000,0x0000000785280000)
  to   space 35328K, 0% used [0x0000000781380000,0x0000000781380000,0x0000000783600000)
 ParOldGen       total 132096K, used 46863K [0x00000006c0000000, 0x00000006c8100000, 0x000000076ab00000)
  object space 132096K, 35% used [0x00000006c0000000,0x00000006c2dc3e68,0x00000006c8100000)
 Metaspace       used 32823K, capacity 33644K, committed 35248K, reserved 1081344K
  class space    used 3786K, capacity 4091K, committed 4272K, reserved 1048576K

Card table byte_map: [0x000000010e35d000,0x000000010eb5e000] byte_map_base: 0x000000010ad5d000

Marking Bits: (ParMarkBitMap*) 0x000000010d8edd20
 Begin Bits: [0x000000011f9ec000, 0x00000001239ec000)
 End Bits:   [0x00000001239ec000, 0x00000001279ec000)

Polling page: 0x000000010be4b000

CodeCache: size=245760Kb used=21706Kb max_used=22599Kb free=224053Kb
 bounds [0x00000001109ec000, 0x000000011201c000, 0x000000011f9ec000]
 total_blobs=6202 nmethods=5738 adapters=383
 compilation: enabled

Compilation events (10 events):
Event: 9.819 Thread 0x00007fa8f7846000 nmethod 6653 0x0000000110f34b50 code [0x0000000110f34cc0, 0x0000000110f34ee8]
Event: 9.819 Thread 0x00007fa8f7846000 6651       3       java.util.concurrent.ConcurrentHashMap$ValueIterator::next (34 bytes)
Event: 9.819 Thread 0x00007fa8f7846000 nmethod 6651 0x0000000110d0fbd0 code [0x0000000110d0fd60, 0x0000000110d100b8]
Event: 9.820 Thread 0x00007fa8f7846000 6642       3       java.io.PrintStream::ensureOpen (18 bytes)
Event: 9.820 Thread 0x00007fa8f7846000 nmethod 6642 0x0000000110d0f450 code [0x0000000110d0f5e0, 0x0000000110d0f848]
Event: 9.821 Thread 0x00007fa8f7824000 6654       4       java.util.ArrayDeque::poll (5 bytes)
Event: 9.822 Thread 0x00007fa8f7838000 6655       4       java.util.AbstractList$Itr::hasNext (20 bytes)
Event: 9.822 Thread 0x00007fa8f7824000 nmethod 6654 0x0000000110d0e9d0 code [0x0000000110d0eb20, 0x0000000110d0ec18]
Event: 9.822 Thread 0x00007fa8f7846000 6656       1       java.util.logging.Logger::getName (5 bytes)
Event: 9.823 Thread 0x00007fa8f7846000 nmethod 6656 0x0000000110bf79d0 code [0x0000000110bf7b20, 0x0000000110bf7c30]

GC Heap History (10 events):
Event: 3.866 GC heap before
{Heap before GC invocations=6 (full 0):
 PSYoungGen      total 141824K, used 39590K [0x000000076ab00000, 0x000000077d700000, 0x00000007c0000000)
  eden space 131072K, 22% used [0x000000076ab00000,0x000000076c72c668,0x0000000772b00000)
  from space 10752K, 99% used [0x0000000772b00000,0x000000077357d290,0x0000000773580000)
  to   space 22528K, 0% used [0x000000077c100000,0x000000077c100000,0x000000077d700000)
 ParOldGen       total 175104K, used 13700K [0x00000006c0000000, 0x00000006cab00000, 0x000000076ab00000)
  object space 175104K, 7% used [0x00000006c0000000,0x00000006c0d613b0,0x00000006cab00000)
 Metaspace       used 20809K, capacity 21222K, committed 21296K, reserved 1069056K
  class space    used 2443K, capacity 2593K, committed 2608K, reserved 1048576K
Event: 3.878 GC heap after
Heap after GC invocations=6 (full 0):
 PSYoungGen      total 281600K, used 11509K [0x000000076ab00000, 0x000000077d400000, 0x00000007c0000000)
  eden space 262144K, 0% used [0x000000076ab00000,0x000000076ab00000,0x000000077ab00000)
  from space 19456K, 59% used [0x000000077c100000,0x000000077cc3d480,0x000000077d400000)
  to   space 20992K, 0% used [0x000000077ab00000,0x000000077ab00000,0x000000077bf80000)
 ParOldGen       total 175104K, used 13708K [0x00000006c0000000, 0x00000006cab00000, 0x000000076ab00000)
  object space 175104K, 7% used [0x00000006c0000000,0x00000006c0d633b0,0x00000006cab00000)
 Metaspace       used 20809K, capacity 21222K, committed 21296K, reserved 1069056K
  class space    used 2443K, capacity 2593K, committed 2608K, reserved 1048576K
}
Event: 3.878 GC heap before
{Heap before GC invocations=7 (full 1):
 PSYoungGen      total 281600K, used 11509K [0x000000076ab00000, 0x000000077d400000, 0x00000007c0000000)
  eden space 262144K, 0% used [0x000000076ab00000,0x000000076ab00000,0x000000077ab00000)
  from space 19456K, 59% used [0x000000077c100000,0x000000077cc3d480,0x000000077d400000)
  to   space 20992K, 0% used [0x000000077ab00000,0x000000077ab00000,0x000000077bf80000)
 ParOldGen       total 175104K, used 13708K [0x00000006c0000000, 0x00000006cab00000, 0x000000076ab00000)
  object space 175104K, 7% used [0x00000006c0000000,0x00000006c0d633b0,0x00000006cab00000)
 Metaspace       used 20809K, capacity 21222K, committed 21296K, reserved 1069056K
  class space    used 2443K, capacity 2593K, committed 2608K, reserved 1048576K
Event: 3.982 GC heap after
Heap after GC invocations=7 (full 1):
 PSYoungGen      total 281600K, used 0K [0x000000076ab00000, 0x000000077d400000, 0x00000007c0000000)
  eden space 262144K, 0% used [0x000000076ab00000,0x000000076ab00000,0x000000077ab00000)
  from space 19456K, 0% used [0x000000077c100000,0x000000077c100000,0x000000077d400000)
  to   space 20992K, 0% used [0x000000077ab00000,0x000000077ab00000,0x000000077bf80000)
 ParOldGen       total 132096K, used 22609K [0x00000006c0000000, 0x00000006c8100000, 0x000000076ab00000)
  object space 132096K, 17% used [0x00000006c0000000,0x00000006c16146f0,0x00000006c8100000)
 Metaspace       used 20809K, capacity 21222K, committed 21296K, reserved 1069056K
  class space    used 2443K, capacity 2593K, committed 2608K, reserved 1048576K
}
Event: 6.204 GC heap before
{Heap before GC invocations=8 (full 1):
 PSYoungGen      total 281600K, used 262144K [0x000000076ab00000, 0x000000077d400000, 0x00000007c0000000)
  eden space 262144K, 100% used [0x000000076ab00000,0x000000077ab00000,0x000000077ab00000)
  from space 19456K, 0% used [0x000000077c100000,0x000000077c100000,0x000000077d400000)
  to   space 20992K, 0% used [0x000000077ab00000,0x000000077ab00000,0x000000077bf80000)
 ParOldGen       total 132096K, used 22609K [0x00000006c0000000, 0x00000006c8100000, 0x000000076ab00000)
  object space 132096K, 17% used [0x00000006c0000000,0x00000006c16146f0,0x00000006c8100000)
 Metaspace       used 27075K, capacity 27748K, committed 27824K, reserved 1073152K
  class space    used 3071K, capacity 3234K, committed 3248K, reserved 1048576K
Event: 6.229 GC heap after
Heap after GC invocations=8 (full 1):
 PSYoungGen      total 283136K, used 20967K [0x000000076ab00000, 0x0000000785280000, 0x00000007c0000000)
  eden space 262144K, 0% used [0x000000076ab00000,0x000000076ab00000,0x000000077ab00000)
  from space 20992K, 99% used [0x000000077ab00000,0x000000077bf79fa8,0x000000077bf80000)
  to   space 29184K, 0% used [0x0000000783600000,0x0000000783600000,0x0000000785280000)
 ParOldGen       total 132096K, used 32129K [0x00000006c0000000, 0x00000006c8100000, 0x000000076ab00000)
  object space 132096K, 24% used [0x00000006c0000000,0x00000006c1f607e8,0x00000006c8100000)
 Metaspace       used 27075K, capacity 27748K, committed 27824K, reserved 1073152K
  class space    used 3071K, capacity 3234K, committed 3248K, reserved 1048576K
}
Event: 9.524 GC heap before
{Heap before GC invocations=9 (full 1):
 PSYoungGen      total 283136K, used 269932K [0x000000076ab00000, 0x0000000785280000, 0x00000007c0000000)
  eden space 262144K, 94% used [0x000000076ab00000,0x0000000779e212f0,0x000000077ab00000)
  from space 20992K, 99% used [0x000000077ab00000,0x000000077bf79fa8,0x000000077bf80000)
  to   space 29184K, 0% used [0x0000000783600000,0x0000000783600000,0x0000000785280000)
 ParOldGen       total 132096K, used 32129K [0x00000006c0000000, 0x00000006c8100000, 0x000000076ab00000)
  object space 132096K, 24% used [0x00000006c0000000,0x00000006c1f607e8,0x00000006c8100000)
 Metaspace       used 34185K, capacity 35070K, committed 35248K, reserved 1081344K
  class space    used 3959K, capacity 4268K, committed 4272K, reserved 1048576K
Event: 9.549 GC heap after
Heap after GC invocations=9 (full 1):
 PSYoungGen      total 398336K, used 29174K [0x000000076ab00000, 0x0000000785e80000, 0x00000007c0000000)
  eden space 369152K, 0% used [0x000000076ab00000,0x000000076ab00000,0x0000000781380000)
  from space 29184K, 99% used [0x0000000783600000,0x000000078527d910,0x0000000785280000)
  to   space 35328K, 0% used [0x0000000781380000,0x0000000781380000,0x0000000783600000)
 ParOldGen       total 132096K, used 35674K [0x00000006c0000000, 0x00000006c8100000, 0x000000076ab00000)
  object space 132096K, 27% used [0x00000006c0000000,0x00000006c22d68e8,0x00000006c8100000)
 Metaspace       used 34185K, capacity 35070K, committed 35248K, reserved 1081344K
  class space    used 3959K, capacity 4268K, committed 4272K, reserved 1048576K
}
Event: 9.549 GC heap before
{Heap before GC invocations=10 (full 2):
 PSYoungGen      total 398336K, used 29174K [0x000000076ab00000, 0x0000000785e80000, 0x00000007c0000000)
  eden space 369152K, 0% used [0x000000076ab00000,0x000000076ab00000,0x0000000781380000)
  from space 29184K, 99% used [0x0000000783600000,0x000000078527d910,0x0000000785280000)
  to   space 35328K, 0% used [0x0000000781380000,0x0000000781380000,0x0000000783600000)
 ParOldGen       total 132096K, used 35674K [0x00000006c0000000, 0x00000006c8100000, 0x000000076ab00000)
  object space 132096K, 27% used [0x00000006c0000000,0x00000006c22d68e8,0x00000006c8100000)
 Metaspace       used 34185K, capacity 35070K, committed 35248K, reserved 1081344K
  class space    used 3959K, capacity 4268K, committed 4272K, reserved 1048576K
Event: 9.809 GC heap after
Heap after GC invocations=10 (full 2):
 PSYoungGen      total 398336K, used 0K [0x000000076ab00000, 0x0000000785e80000, 0x00000007c0000000)
  eden space 369152K, 0% used [0x000000076ab00000,0x000000076ab00000,0x0000000781380000)
  from space 29184K, 0% used [0x0000000783600000,0x0000000783600000,0x0000000785280000)
  to   space 35328K, 0% used [0x0000000781380000,0x0000000781380000,0x0000000783600000)
 ParOldGen       total 132096K, used 46863K [0x00000006c0000000, 0x00000006c8100000, 0x000000076ab00000)
  object space 132096K, 35% used [0x00000006c0000000,0x00000006c2dc3e68,0x00000006c8100000)
 Metaspace       used 32817K, capacity 33644K, committed 35248K, reserved 1081344K
  class space    used 3786K, capacity 4091K, committed 4272K, reserved 1048576K
}

Deoptimization events (10 events):
Event: 9.520 Thread 0x00007fa8f7803000 Uncommon trap: reason=unhandled action=none pc=0x0000000110b007dc method=java.net.URLClassLoader.findClass(Ljava/lang/String;)Ljava/lang/Class; @ 44
Event: 9.521 Thread 0x00007fa8f7803000 Uncommon trap: reason=unhandled action=none pc=0x0000000110b007dc method=java.net.URLClassLoader.findClass(Ljava/lang/String;)Ljava/lang/Class; @ 44
Event: 9.521 Thread 0x00007fa8f7803000 Uncommon trap: reason=unhandled action=none pc=0x0000000110b007dc method=java.net.URLClassLoader.findClass(Ljava/lang/String;)Ljava/lang/Class; @ 44
Event: 9.521 Thread 0x00007fa8f7803000 Uncommon trap: reason=unhandled action=none pc=0x0000000110b007dc method=java.net.URLClassLoader.findClass(Ljava/lang/String;)Ljava/lang/Class; @ 44
Event: 9.521 Thread 0x00007fa8f7803000 Uncommon trap: reason=unhandled action=none pc=0x0000000110b007dc method=java.net.URLClassLoader.findClass(Ljava/lang/String;)Ljava/lang/Class; @ 44
Event: 9.523 Thread 0x00007fa8f7803000 Uncommon trap: reason=unhandled action=none pc=0x0000000110b007dc method=java.net.URLClassLoader.findClass(Ljava/lang/String;)Ljava/lang/Class; @ 44
Event: 9.523 Thread 0x00007fa8f7803000 Uncommon trap: reason=unhandled action=none pc=0x0000000110b007dc method=java.net.URLClassLoader.findClass(Ljava/lang/String;)Ljava/lang/Class; @ 44
Event: 9.812 Thread 0x00007fa8f6005000 Uncommon trap: reason=unstable_if action=reinterpret pc=0x0000000111be0da0 method=java.util.WeakHashMap.eq(Ljava/lang/Object;Ljava/lang/Object;)Z @ 10
Event: 9.814 Thread 0x00007fa8f7803000 Uncommon trap: reason=unhandled action=none pc=0x0000000110b007dc method=java.net.URLClassLoader.findClass(Ljava/lang/String;)Ljava/lang/Class; @ 44
Event: 9.820 Thread 0x00007fa8f7803000 Uncommon trap: reason=unhandled action=none pc=0x0000000110b007dc method=java.net.URLClassLoader.findClass(Ljava/lang/String;)Ljava/lang/Class; @ 44

Internal exceptions (10 events):
Event: 9.196 Thread 0x00007fa8f7803000 Exception <a 'java/lang/ArrayIndexOutOfBoundsException': 113> (0x0000000779391628) thrown at [/HUDSON3/workspace/8-2-build-macosx-x86_64/jdk8u101/7261/hotspot/src/share/vm/interpreter/interpreterRuntime.cpp, line 366]
Event: 9.196 Thread 0x00007fa8f7803000 Exception <a 'java/lang/ArrayIndexOutOfBoundsException': 79> (0x0000000779393150) thrown at [/HUDSON3/workspace/8-2-build-macosx-x86_64/jdk8u101/7261/hotspot/src/share/vm/interpreter/interpreterRuntime.cpp, line 366]
Event: 9.196 Thread 0x00007fa8f7803000 Exception <a 'java/lang/ArrayIndexOutOfBoundsException': 85> (0x00000007793947f8) thrown at [/HUDSON3/workspace/8-2-build-macosx-x86_64/jdk8u101/7261/hotspot/src/share/vm/interpreter/interpreterRuntime.cpp, line 366]
Event: 9.196 Thread 0x00007fa8f7803000 Exception <a 'java/lang/ArrayIndexOutOfBoundsException': 115> (0x00000007793960f0) thrown at [/HUDSON3/workspace/8-2-build-macosx-x86_64/jdk8u101/7261/hotspot/src/share/vm/interpreter/interpreterRuntime.cpp, line 366]
Event: 9.197 Thread 0x00007fa8f7803000 Exception <a 'java/lang/ArrayIndexOutOfBoundsException': 101> (0x00000007793978e0) thrown at [/HUDSON3/workspace/8-2-build-macosx-x86_64/jdk8u101/7261/hotspot/src/share/vm/interpreter/interpreterRuntime.cpp, line 366]
Event: 9.197 Thread 0x00007fa8f7803000 Exception <a 'java/lang/ArrayIndexOutOfBoundsException': 104> (0x0000000779399178) thrown at [/HUDSON3/workspace/8-2-build-macosx-x86_64/jdk8u101/7261/hotspot/src/share/vm/interpreter/interpreterRuntime.cpp, line 366]
Event: 9.203 Thread 0x00007fa8f7803000 Exception <a 'java/lang/ArrayIndexOutOfBoundsException': 37> (0x0000000779608470) thrown at [/HUDSON3/workspace/8-2-build-macosx-x86_64/jdk8u101/7261/hotspot/src/share/vm/interpreter/interpreterRuntime.cpp, line 366]
Event: 9.203 Thread 0x00007fa8f7803000 Exception <a 'java/lang/ArrayIndexOutOfBoundsException': 72> (0x0000000779609a08) thrown at [/HUDSON3/workspace/8-2-build-macosx-x86_64/jdk8u101/7261/hotspot/src/share/vm/interpreter/interpreterRuntime.cpp, line 366]
Event: 9.203 Thread 0x00007fa8f7803000 Exception <a 'java/lang/ArrayIndexOutOfBoundsException': 83> (0x000000077960b110) thrown at [/HUDSON3/workspace/8-2-build-macosx-x86_64/jdk8u101/7261/hotspot/src/share/vm/interpreter/interpreterRuntime.cpp, line 366]
Event: 9.203 Thread 0x00007fa8f7803000 Exception <a 'java/lang/ArrayIndexOutOfBoundsException': 83> (0x000000077960c8d0) thrown at [/HUDSON3/workspace/8-2-build-macosx-x86_64/jdk8u101/7261/hotspot/src/share/vm/interpreter/interpreterRuntime.cpp, line 366]

Events (10 events):
Event: 9.820 Thread 0x00007fa8f7803000 DEOPT PACKING pc=0x00000001120070e4 sp=0x0000700005c888a0
Event: 9.820 Thread 0x00007fa8f7803000 DEOPT UNPACKING pc=0x0000000110a33633 sp=0x0000700005c88628 mode 1
Event: 9.822 Thread 0x00007fa8f6481800 Thread added: 0x00007fa8f6481800
Event: 9.822 Thread 0x00007fa8f7824000 flushing nmethod 0x00000001114eb310
Event: 9.822 Thread 0x00007fa8f7824000 flushing nmethod 0x0000000111505b50
Event: 9.822 Thread 0x00007fa8f7824000 flushing nmethod 0x00000001115108d0
Event: 9.822 Thread 0x00007fa8f6481800 Thread exited: 0x00007fa8f6481800
Event: 9.822 Thread 0x00007fa8f7824000 flushing nmethod 0x000000011152af10
Event: 9.823 Thread 0x00007fa8f7824000 flushing nmethod 0x000000011152b9d0
Event: 9.823 Executing VM operation: Exit


Dynamic libraries:
0x000000000112c000 	/System/Library/Frameworks/Cocoa.framework/Versions/A/Cocoa
0x000000000112c000 	/System/Library/Frameworks/Security.framework/Versions/A/Security
0x000000000112c000 	/System/Library/Frameworks/ApplicationServices.framework/Versions/A/ApplicationServices
0x000000000112c000 	/usr/lib/libz.1.dylib
0x000000000112c000 	/usr/lib/libSystem.B.dylib
0x000000000112c000 	/usr/lib/libobjc.A.dylib
0x000000000112c000 	/System/Library/Frameworks/CoreFoundation.framework/Versions/A/CoreFoundation
0x000000000112c000 	/System/Library/Frameworks/Foundation.framework/Versions/C/Foundation
0x000000000112c000 	/System/Library/Frameworks/AppKit.framework/Versions/C/AppKit
0x000000000112c000 	/System/Library/Frameworks/CoreData.framework/Versions/A/CoreData
0x000000000112c000 	/System/Library/PrivateFrameworks/RemoteViewServices.framework/Versions/A/RemoteViewServices
0x000000000112c000 	/System/Library/PrivateFrameworks/UIFoundation.framework/Versions/A/UIFoundation
0x000000000112c000 	/System/Library/PrivateFrameworks/XCTTargetBootstrap.framework/Versions/A/XCTTargetBootstrap
0x000000000112c000 	/System/Library/PrivateFrameworks/IconServices.framework/Versions/A/IconServices
0x000000000112c000 	/System/Library/Frameworks/Metal.framework/Versions/A/Metal
0x000000000112c000 	/System/Library/PrivateFrameworks/DesktopServicesPriv.framework/Versions/A/DesktopServicesPriv
0x000000000112c000 	/usr/lib/libenergytrace.dylib
0x000000000112c000 	/System/Library/PrivateFrameworks/SkyLight.framework/Versions/A/SkyLight
0x000000000112c000 	/System/Library/Frameworks/CoreGraphics.framework/Versions/A/CoreGraphics
0x000000000112c000 	/System/Library/Frameworks/Accelerate.framework/Versions/A/Accelerate
0x000000000112c000 	/System/Library/Frameworks/IOSurface.framework/Versions/A/IOSurface
0x000000000112c000 	/System/Library/PrivateFrameworks/DFRFoundation.framework/Versions/A/DFRFoundation
0x000000000112c000 	/System/Library/Frameworks/AudioToolbox.framework/Versions/A/AudioToolbox
0x000000000112c000 	/System/Library/Frameworks/AudioUnit.framework/Versions/A/AudioUnit
0x000000000112c000 	/System/Library/PrivateFrameworks/DataDetectorsCore.framework/Versions/A/DataDetectorsCore
0x000000000112c000 	/System/Library/Frameworks/Carbon.framework/Versions/A/Frameworks/HIToolbox.framework/Versions/A/HIToolbox
0x000000000112c000 	/usr/lib/libicucore.A.dylib
0x000000000112c000 	/System/Library/Frameworks/QuartzCore.framework/Versions/A/QuartzCore
0x000000000112c000 	/System/Library/Frameworks/Carbon.framework/Versions/A/Frameworks/SpeechRecognition.framework/Versions/A/SpeechRecognition
0x000000000112c000 	/usr/lib/libauto.dylib
0x000000000112c000 	/usr/lib/libxml2.2.dylib
0x000000000112c000 	/System/Library/PrivateFrameworks/CoreUI.framework/Versions/A/CoreUI
0x000000000112c000 	/System/Library/Frameworks/CoreAudio.framework/Versions/A/CoreAudio
0x000000000112c000 	/System/Library/Frameworks/DiskArbitration.framework/Versions/A/DiskArbitration
0x000000000112c000 	/usr/lib/liblangid.dylib
0x000000000112c000 	/System/Library/PrivateFrameworks/MultitouchSupport.framework/Versions/A/MultitouchSupport
0x000000000112c000 	/System/Library/Frameworks/IOKit.framework/Versions/A/IOKit
0x000000000112c000 	/usr/lib/libDiagnosticMessagesClient.dylib
0x000000000112c000 	/System/Library/Frameworks/CoreServices.framework/Versions/A/CoreServices
0x000000000112c000 	/System/Library/PrivateFrameworks/PerformanceAnalysis.framework/Versions/A/PerformanceAnalysis
0x000000000112c000 	/System/Library/Frameworks/OpenGL.framework/Versions/A/OpenGL
0x000000000112c000 	/System/Library/Frameworks/ColorSync.framework/Versions/A/ColorSync
0x000000000112c000 	/System/Library/Frameworks/CoreImage.framework/Versions/A/CoreImage
0x000000000112c000 	/System/Library/Frameworks/CoreText.framework/Versions/A/CoreText
0x000000000112c000 	/System/Library/Frameworks/ImageIO.framework/Versions/A/ImageIO
0x000000000112c000 	/System/Library/PrivateFrameworks/Backup.framework/Versions/A/Backup
0x000000000112c000 	/usr/lib/libarchive.2.dylib
0x000000000112c000 	/System/Library/Frameworks/CFNetwork.framework/Versions/A/CFNetwork
0x000000000112c000 	/System/Library/Frameworks/SystemConfiguration.framework/Versions/A/SystemConfiguration
0x000000000112c000 	/usr/lib/libCRFSuite.dylib
0x000000000112c000 	/usr/lib/libc++.1.dylib
0x000000000112c000 	/usr/lib/libc++abi.dylib
0x000000000112c000 	/usr/lib/system/libcache.dylib
0x000000000112c000 	/usr/lib/system/libcommonCrypto.dylib
0x000000000112c000 	/usr/lib/system/libcompiler_rt.dylib
0x000000000112c000 	/usr/lib/system/libcopyfile.dylib
0x000000000112c000 	/usr/lib/system/libcorecrypto.dylib
0x000000000112c000 	/usr/lib/system/libdispatch.dylib
0x000000000112c000 	/usr/lib/system/libdyld.dylib
0x000000000112c000 	/usr/lib/system/libkeymgr.dylib
0x000000000112c000 	/usr/lib/system/liblaunch.dylib
0x000000000112c000 	/usr/lib/system/libmacho.dylib
0x000000000112c000 	/usr/lib/system/libquarantine.dylib
0x000000000112c000 	/usr/lib/system/libremovefile.dylib
0x000000000112c000 	/usr/lib/system/libsystem_asl.dylib
0x000000000112c000 	/usr/lib/system/libsystem_blocks.dylib
0x000000000112c000 	/usr/lib/system/libsystem_c.dylib
0x000000000112c000 	/usr/lib/system/libsystem_configuration.dylib
0x000000000112c000 	/usr/lib/system/libsystem_coreservices.dylib
0x000000000112c000 	/usr/lib/system/libsystem_darwin.dylib
0x000000000112c000 	/usr/lib/system/libsystem_dnssd.dylib
0x000000000112c000 	/usr/lib/system/libsystem_info.dylib
0x000000000112c000 	/usr/lib/system/libsystem_m.dylib
0x000000000112c000 	/usr/lib/system/libsystem_malloc.dylib
0x000000000112c000 	/usr/lib/system/libsystem_networkextension.dylib
0x000000000112c000 	/usr/lib/system/libsystem_notify.dylib
0x000000000112c000 	/usr/lib/system/libsystem_sandbox.dylib
0x000000000112c000 	/usr/lib/system/libsystem_secinit.dylib
0x000000000112c000 	/usr/lib/system/libsystem_kernel.dylib
0x000000000112c000 	/usr/lib/system/libsystem_platform.dylib
0x000000000112c000 	/usr/lib/system/libsystem_pthread.dylib
0x000000000112c000 	/usr/lib/system/libsystem_symptoms.dylib
0x000000000112c000 	/usr/lib/system/libsystem_trace.dylib
0x000000000112c000 	/usr/lib/system/libunwind.dylib
0x000000000112c000 	/usr/lib/system/libxpc.dylib
0x000000000112c000 	/usr/lib/libbsm.0.dylib
0x000000000112c000 	/usr/lib/system/libkxld.dylib
0x000000000112c000 	/System/Library/PrivateFrameworks/AppleFSCompression.framework/Versions/A/AppleFSCompression
0x000000000112c000 	/usr/lib/libOpenScriptingUtil.dylib
0x000000000112c000 	/usr/lib/libcoretls.dylib
0x000000000112c000 	/usr/lib/libcoretls_cfhelpers.dylib
0x000000000112c000 	/usr/lib/libpam.2.dylib
0x000000000112c000 	/usr/lib/libsqlite3.dylib
0x000000000112c000 	/usr/lib/libxar.1.dylib
0x000000000112c000 	/usr/lib/libbz2.1.0.dylib
0x000000000112c000 	/usr/lib/liblzma.5.dylib
0x000000000112c000 	/usr/lib/libnetwork.dylib
0x000000000112c000 	/usr/lib/libapple_nghttp2.dylib
0x000000000112c000 	/usr/lib/libpcap.A.dylib
0x000000000112c000 	/System/Library/Frameworks/CoreServices.framework/Versions/A/Frameworks/FSEvents.framework/Versions/A/FSEvents
0x000000000112c000 	/System/Library/Frameworks/CoreServices.framework/Versions/A/Frameworks/CarbonCore.framework/Versions/A/CarbonCore
0x000000000112c000 	/System/Library/Frameworks/CoreServices.framework/Versions/A/Frameworks/Metadata.framework/Versions/A/Metadata
0x000000000112c000 	/System/Library/Frameworks/CoreServices.framework/Versions/A/Frameworks/OSServices.framework/Versions/A/OSServices
0x000000000112c000 	/System/Library/Frameworks/CoreServices.framework/Versions/A/Frameworks/SearchKit.framework/Versions/A/SearchKit
0x000000000112c000 	/System/Library/Frameworks/CoreServices.framework/Versions/A/Frameworks/AE.framework/Versions/A/AE
0x000000000112c000 	/System/Library/Frameworks/CoreServices.framework/Versions/A/Frameworks/LaunchServices.framework/Versions/A/LaunchServices
0x000000000112c000 	/System/Library/Frameworks/CoreServices.framework/Versions/A/Frameworks/DictionaryServices.framework/Versions/A/DictionaryServices
0x000000000112c000 	/System/Library/Frameworks/CoreServices.framework/Versions/A/Frameworks/SharedFileList.framework/Versions/A/SharedFileList
0x000000000112c000 	/System/Library/Frameworks/NetFS.framework/Versions/A/NetFS
0x000000000112c000 	/System/Library/PrivateFrameworks/NetAuth.framework/Versions/A/NetAuth
0x000000000112c000 	/System/Library/PrivateFrameworks/login.framework/Versions/A/Frameworks/loginsupport.framework/Versions/A/loginsupport
0x000000000112c000 	/System/Library/PrivateFrameworks/TCC.framework/Versions/A/TCC
0x000000000112c000 	/System/Library/PrivateFrameworks/CoreNLP.framework/Versions/A/CoreNLP
0x000000000112c000 	/System/Library/PrivateFrameworks/MetadataUtilities.framework/Versions/A/MetadataUtilities
0x000000000112c000 	/usr/lib/libmecabra.dylib
0x000000000112c000 	/System/Library/Frameworks/ApplicationServices.framework/Versions/A/Frameworks/ATS.framework/Versions/A/ATS
0x000000000112c000 	/System/Library/Frameworks/ApplicationServices.framework/Versions/A/Frameworks/ColorSyncLegacy.framework/Versions/A/ColorSyncLegacy
0x000000000112c000 	/System/Library/Frameworks/ApplicationServices.framework/Versions/A/Frameworks/HIServices.framework/Versions/A/HIServices
0x000000000112c000 	/System/Library/Frameworks/ApplicationServices.framework/Versions/A/Frameworks/LangAnalysis.framework/Versions/A/LangAnalysis
0x000000000112c000 	/System/Library/Frameworks/ApplicationServices.framework/Versions/A/Frameworks/PrintCore.framework/Versions/A/PrintCore
0x000000000112c000 	/System/Library/Frameworks/ApplicationServices.framework/Versions/A/Frameworks/QD.framework/Versions/A/QD
0x000000000112c000 	/System/Library/Frameworks/ApplicationServices.framework/Versions/A/Frameworks/SpeechSynthesis.framework/Versions/A/SpeechSynthesis
0x000000000112c000 	/usr/lib/libcompression.dylib
0x000000000112c000 	/System/Library/Frameworks/CoreDisplay.framework/Versions/A/CoreDisplay
0x000000000112c000 	/System/Library/Frameworks/MetalPerformanceShaders.framework/Versions/A/MetalPerformanceShaders
0x000000000112c000 	/System/Library/Frameworks/Accelerate.framework/Versions/A/Frameworks/vImage.framework/Versions/A/vImage
0x000000000112c000 	/System/Library/Frameworks/Accelerate.framework/Versions/A/Frameworks/vecLib.framework/Versions/A/vecLib
0x000000000112c000 	/System/Library/Frameworks/Accelerate.framework/Versions/A/Frameworks/vecLib.framework/Versions/A/libvMisc.dylib
0x000000000112c000 	/System/Library/Frameworks/Accelerate.framework/Versions/A/Frameworks/vecLib.framework/Versions/A/libvDSP.dylib
0x000000000112c000 	/System/Library/Frameworks/Accelerate.framework/Versions/A/Frameworks/vecLib.framework/Versions/A/libBLAS.dylib
0x000000000112c000 	/System/Library/Frameworks/Accelerate.framework/Versions/A/Frameworks/vecLib.framework/Versions/A/libLAPACK.dylib
0x000000000112c000 	/System/Library/Frameworks/Accelerate.framework/Versions/A/Frameworks/vecLib.framework/Versions/A/libLinearAlgebra.dylib
0x000000000112c000 	/System/Library/Frameworks/Accelerate.framework/Versions/A/Frameworks/vecLib.framework/Versions/A/libSparseBLAS.dylib
0x000000000112c000 	/System/Library/Frameworks/Accelerate.framework/Versions/A/Frameworks/vecLib.framework/Versions/A/libQuadrature.dylib
0x000000000112c000 	/System/Library/Frameworks/Accelerate.framework/Versions/A/Frameworks/vecLib.framework/Versions/A/libBNNS.dylib
0x000000000112c000 	/System/Library/Frameworks/Accelerate.framework/Versions/A/Frameworks/vecLib.framework/Versions/A/libSparse.dylib
0x000000000112c000 	/System/Library/PrivateFrameworks/GPUWrangler.framework/Versions/A/GPUWrangler
0x000000000112c000 	/System/Library/PrivateFrameworks/IOAccelerator.framework/Versions/A/IOAccelerator
0x000000000112c000 	/System/Library/PrivateFrameworks/IOPresentment.framework/Versions/A/IOPresentment
0x000000000112c000 	/System/Library/PrivateFrameworks/DSExternalDisplay.framework/Versions/A/DSExternalDisplay
0x000000000112c000 	/System/Library/Frameworks/OpenGL.framework/Versions/A/Libraries/libCoreFSCache.dylib
0x000000000112c000 	/System/Library/Frameworks/MetalPerformanceShaders.framework/Frameworks/MPSCore.framework/Versions/A/MPSCore
0x000000000112c000 	/System/Library/Frameworks/MetalPerformanceShaders.framework/Frameworks/MPSImage.framework/Versions/A/MPSImage
0x000000000112c000 	/System/Library/Frameworks/MetalPerformanceShaders.framework/Frameworks/MPSNeuralNetwork.framework/Versions/A/MPSNeuralNetwork
0x000000000112c000 	/System/Library/Frameworks/MetalPerformanceShaders.framework/Frameworks/MPSMatrix.framework/Versions/A/MPSMatrix
0x000000000112c000 	/System/Library/Frameworks/MetalPerformanceShaders.framework/Frameworks/MPSRayIntersector.framework/Versions/A/MPSRayIntersector
0x000000000112c000 	/System/Library/PrivateFrameworks/MetalTools.framework/Versions/A/MetalTools
0x000000000112c000 	/System/Library/PrivateFrameworks/AggregateDictionary.framework/Versions/A/AggregateDictionary
0x000000000112c000 	/usr/lib/libMobileGestalt.dylib
0x000000000112c000 	/System/Library/Frameworks/CoreVideo.framework/Versions/A/CoreVideo
0x000000000112c000 	/System/Library/PrivateFrameworks/GraphVisualizer.framework/Versions/A/GraphVisualizer
0x000000000112c000 	/System/Library/PrivateFrameworks/FaceCore.framework/Versions/A/FaceCore
0x000000000112c000 	/System/Library/Frameworks/OpenCL.framework/Versions/A/OpenCL
0x000000000112c000 	/usr/lib/libFosl_dynamic.dylib
0x000000000112c000 	/System/Library/PrivateFrameworks/OTSVG.framework/Versions/A/OTSVG
0x000000000112c000 	/System/Library/Frameworks/ApplicationServices.framework/Versions/A/Frameworks/ATS.framework/Versions/A/Resources/libFontParser.dylib
0x000000000112c000 	/System/Library/Frameworks/ApplicationServices.framework/Versions/A/Frameworks/ATS.framework/Versions/A/Resources/libFontRegistry.dylib
0x000000000112c000 	/System/Library/Frameworks/ImageIO.framework/Versions/A/Resources/libJPEG.dylib
0x000000000112c000 	/System/Library/Frameworks/ImageIO.framework/Versions/A/Resources/libTIFF.dylib
0x000000000112c000 	/System/Library/Frameworks/ImageIO.framework/Versions/A/Resources/libPng.dylib
0x000000000112c000 	/System/Library/Frameworks/ImageIO.framework/Versions/A/Resources/libGIF.dylib
0x000000000112c000 	/System/Library/Frameworks/ImageIO.framework/Versions/A/Resources/libJP2.dylib
0x000000000112c000 	/System/Library/Frameworks/ImageIO.framework/Versions/A/Resources/libRadiance.dylib
0x000000000112c000 	/System/Library/PrivateFrameworks/AppleJPEG.framework/Versions/A/AppleJPEG
0x000000000112c000 	/System/Library/Frameworks/OpenGL.framework/Versions/A/Libraries/libGFXShared.dylib
0x000000000112c000 	/System/Library/Frameworks/OpenGL.framework/Versions/A/Libraries/libGLU.dylib
0x000000000112c000 	/System/Library/Frameworks/OpenGL.framework/Versions/A/Libraries/libGL.dylib
0x000000000112c000 	/System/Library/Frameworks/OpenGL.framework/Versions/A/Libraries/libGLImage.dylib
0x000000000112c000 	/System/Library/Frameworks/OpenGL.framework/Versions/A/Libraries/libCVMSPluginSupport.dylib
0x000000000112c000 	/System/Library/Frameworks/OpenGL.framework/Versions/A/Libraries/libCoreVMClient.dylib
0x000000000112c000 	/usr/lib/libcups.2.dylib
0x000000000112c000 	/System/Library/Frameworks/Kerberos.framework/Versions/A/Kerberos
0x000000000112c000 	/System/Library/Frameworks/GSS.framework/Versions/A/GSS
0x000000000112c000 	/usr/lib/libresolv.9.dylib
0x000000000112c000 	/usr/lib/libiconv.2.dylib
0x000000000112c000 	/System/Library/PrivateFrameworks/Heimdal.framework/Versions/A/Heimdal
0x000000000112c000 	/usr/lib/libheimdal-asn1.dylib
0x000000000112c000 	/System/Library/Frameworks/OpenDirectory.framework/Versions/A/OpenDirectory
0x000000000112c000 	/System/Library/PrivateFrameworks/CommonAuth.framework/Versions/A/CommonAuth
0x000000000112c000 	/System/Library/Frameworks/OpenDirectory.framework/Versions/A/Frameworks/CFOpenDirectory.framework/Versions/A/CFOpenDirectory
0x000000000112c000 	/System/Library/Frameworks/SecurityFoundation.framework/Versions/A/SecurityFoundation
0x000000000112c000 	/System/Library/PrivateFrameworks/APFS.framework/Versions/A/APFS
0x000000000112c000 	/usr/lib/libutil.dylib
0x000000000112c000 	/usr/lib/libcharset.1.dylib
0x000000000112c000 	/System/Library/PrivateFrameworks/AppleSauce.framework/Versions/A/AppleSauce
0x000000000112c000 	/System/Library/PrivateFrameworks/AssertionServices.framework/Versions/A/AssertionServices
0x000000000112c000 	/System/Library/PrivateFrameworks/BaseBoard.framework/Versions/A/BaseBoard
0x000000000112c000 	/usr/lib/libmecab.1.0.0.dylib
0x000000000112c000 	/usr/lib/libgermantok.dylib
0x000000000112c000 	/usr/lib/libThaiTokenizer.dylib
0x000000000112c000 	/usr/lib/libChineseTokenizer.dylib
0x000000000112c000 	/System/Library/PrivateFrameworks/LanguageModeling.framework/Versions/A/LanguageModeling
0x000000000112c000 	/System/Library/PrivateFrameworks/CoreEmoji.framework/Versions/A/CoreEmoji
0x000000000112c000 	/System/Library/PrivateFrameworks/Lexicon.framework/Versions/A/Lexicon
0x000000000112c000 	/System/Library/PrivateFrameworks/LinguisticData.framework/Versions/A/LinguisticData
0x000000000112c000 	/usr/lib/libcmph.dylib
0x000000000112c000 	/System/Library/Frameworks/ServiceManagement.framework/Versions/A/ServiceManagement
0x000000000112c000 	/System/Library/PrivateFrameworks/BackgroundTaskManagement.framework/Versions/A/BackgroundTaskManagement
0x000000000112c000 	/usr/lib/libxslt.1.dylib
0x000000000112c000 	/System/Library/Frameworks/Carbon.framework/Versions/A/Frameworks/Ink.framework/Versions/A/Ink
0x000000000112c000 	/System/Library/PrivateFrameworks/TextureIO.framework/Versions/A/TextureIO
0x000000000112c000 	/usr/lib/libate.dylib
0x000000000112c000 	/System/Library/PrivateFrameworks/CrashReporterSupport.framework/Versions/A/CrashReporterSupport
0x000000000112c000 	/System/Library/PrivateFrameworks/Sharing.framework/Versions/A/Sharing
0x000000000112c000 	/System/Library/PrivateFrameworks/AuthKit.framework/Versions/A/AuthKit
0x000000000112c000 	/System/Library/PrivateFrameworks/Apple80211.framework/Versions/A/Apple80211
0x000000000112c000 	/System/Library/PrivateFrameworks/CoreUtils.framework/Versions/A/CoreUtils
0x000000000112c000 	/System/Library/Frameworks/CoreWLAN.framework/Versions/A/CoreWLAN
0x000000000112c000 	/System/Library/Frameworks/IOBluetooth.framework/Versions/A/IOBluetooth
0x000000000112c000 	/System/Library/PrivateFrameworks/ProtocolBuffer.framework/Versions/A/ProtocolBuffer
0x000000000112c000 	/System/Library/PrivateFrameworks/MobileKeyBag.framework/Versions/A/MobileKeyBag
0x000000000112c000 	/System/Library/PrivateFrameworks/CorePhoneNumbers.framework/Versions/A/CorePhoneNumbers
0x000000000112c000 	/System/Library/PrivateFrameworks/AppleIDAuthSupport.framework/Versions/A/AppleIDAuthSupport
0x000000000112c000 	/System/Library/PrivateFrameworks/KeychainCircle.framework/Versions/A/KeychainCircle
0x000000000112c000 	/System/Library/PrivateFrameworks/ROCKit.framework/Versions/A/ROCKit
0x000000000112c000 	/System/Library/PrivateFrameworks/CoreWiFi.framework/Versions/A/CoreWiFi
0x000000000112c000 	/System/Library/Frameworks/CoreBluetooth.framework/Versions/A/CoreBluetooth
0x000000000112c000 	/System/Library/PrivateFrameworks/DebugSymbols.framework/Versions/A/DebugSymbols
0x000000000112c000 	/System/Library/PrivateFrameworks/CoreSymbolication.framework/Versions/A/CoreSymbolication
0x000000000112c000 	/System/Library/PrivateFrameworks/Symbolication.framework/Versions/A/Symbolication
0x000000000112c000 	/System/Library/PrivateFrameworks/SpeechRecognitionCore.framework/Versions/A/SpeechRecognitionCore
0x000000010d000000 	/Library/Java/JavaVirtualMachines/jdk1.8.0_101.jdk/Contents/Home/jre/lib/server/libjvm.dylib
0x000000000112c000 	/usr/lib/libstdc++.6.dylib
0x000000010be08000 	/Library/Java/JavaVirtualMachines/jdk1.8.0_101.jdk/Contents/Home/jre/lib/libverify.dylib
0x000000010be16000 	/Library/Java/JavaVirtualMachines/jdk1.8.0_101.jdk/Contents/Home/jre/lib/libjava.dylib
0x000000010be4c000 	/Library/Java/JavaVirtualMachines/jdk1.8.0_101.jdk/Contents/Home/jre/lib/libjdwp.dylib
0x000000010be97000 	/Library/Java/JavaVirtualMachines/jdk1.8.0_101.jdk/Contents/Home/jre/lib/libnpt.dylib
0x000000010be9b000 	/Library/Java/JavaVirtualMachines/jdk1.8.0_101.jdk/Contents/Home/jre/lib/libinstrument.dylib
0x000000010bf39000 	/Library/Java/JavaVirtualMachines/jdk1.8.0_101.jdk/Contents/Home/jre/lib/libzip.dylib
0x000000000112c000 	/System/Library/Frameworks/JavaVM.framework/Versions/A/Frameworks/JavaRuntimeSupport.framework/Versions/A/JavaRuntimeSupport
0x000000000112c000 	/System/Library/Frameworks/JavaVM.framework/Versions/A/Frameworks/JavaNativeFoundation.framework/Versions/A/JavaNativeFoundation
0x000000000112c000 	/System/Library/Frameworks/JavaVM.framework/Versions/A/JavaVM
0x000000000112c000 	/System/Library/Frameworks/Carbon.framework/Versions/A/Carbon
0x000000000112c000 	/System/Library/PrivateFrameworks/JavaLaunching.framework/Versions/A/JavaLaunching
0x000000000112c000 	/System/Library/Frameworks/Carbon.framework/Versions/A/Frameworks/CommonPanels.framework/Versions/A/CommonPanels
0x000000000112c000 	/System/Library/Frameworks/Carbon.framework/Versions/A/Frameworks/Help.framework/Versions/A/Help
0x000000000112c000 	/System/Library/Frameworks/Carbon.framework/Versions/A/Frameworks/ImageCapture.framework/Versions/A/ImageCapture
0x000000000112c000 	/System/Library/Frameworks/Carbon.framework/Versions/A/Frameworks/OpenScripting.framework/Versions/A/OpenScripting
0x000000000112c000 	/System/Library/Frameworks/Carbon.framework/Versions/A/Frameworks/Print.framework/Versions/A/Print
0x000000000112c000 	/System/Library/Frameworks/Carbon.framework/Versions/A/Frameworks/SecurityHI.framework/Versions/A/SecurityHI
0x0000000110900000 	/Library/Java/JavaVirtualMachines/jdk1.8.0_101.jdk/Contents/Home/jre/lib/libdt_socket.dylib
0x000000012aa69000 	/Library/Java/JavaVirtualMachines/jdk1.8.0_101.jdk/Contents/Home/jre/lib/libnet.dylib
0x000000012ab1f000 	/Library/Java/JavaVirtualMachines/jdk1.8.0_101.jdk/Contents/Home/jre/lib/libnio.dylib
0x000000012ab0f000 	/Library/Java/JavaVirtualMachines/jdk1.8.0_101.jdk/Contents/Home/jre/lib/libmanagement.dylib

VM Arguments:
jvm_args: -agentlib:jdwp=transport=dt_socket,suspend=y,address=localhost:60413 -Dmaven.home=/Users/fsalac/installers/java_related/apache-maven-3.3.3 -Dclassworlds.conf=/Users/fsalac/eclipse-workspace/.metadata/.plugins/org.eclipse.m2e.launching/launches/m2conf403582984610060113.tmp -Dmaven.multiModuleProjectDirectory=/Users/fsalac/Documents/malan -javaagent:/Users/fsalac/installers/jee-2019-03/Eclipse.app/Contents/Eclipse/configuration/org.eclipse.osgi/402/0/.cp/lib/javaagent-shaded.jar -Dfile.encoding=UTF-8 
java_command: org.codehaus.plexus.classworlds.launcher.Launcher -B -Dmaven.test.skip=true -DskipTests clean install
java_class_path (initial): /Users/fsalac/installers/java_related/apache-maven-3.3.3/boot/plexus-classworlds-2.5.2.jar:/Users/fsalac/installers/jee-2019-03/Eclipse.app/Contents/Eclipse/configuration/org.eclipse.osgi/402/0/.cp/lib/javaagent-shaded.jar
Launcher Type: SUN_STANDARD

Environment Variables:
PATH=/usr/bin:/bin:/usr/sbin:/sbin
SHELL=/bin/bash
DISPLAY=/private/tmp/com.apple.launchd.GsL4tp8Oil/org.macosforge.xquartz:0

Signal Handlers:
SIGSEGV: [libjvm.dylib+0x5af145], sa_mask[0]=11111111011111110111111111111111, sa_flags=SA_ONSTACK|SA_RESTART|SA_SIGINFO
SIGBUS: [libjvm.dylib+0x5af145], sa_mask[0]=11111111011111110111111111111111, sa_flags=SA_RESTART|SA_SIGINFO
SIGFPE: [libjvm.dylib+0x48694c], sa_mask[0]=11111111011111110111111111111111, sa_flags=SA_RESTART|SA_SIGINFO
SIGPIPE: [libjvm.dylib+0x48694c], sa_mask[0]=11111111011111110111111111111111, sa_flags=SA_RESTART|SA_SIGINFO
SIGXFSZ: [libjvm.dylib+0x48694c], sa_mask[0]=11111111011111110111111111111111, sa_flags=SA_RESTART|SA_SIGINFO
SIGILL: [libjvm.dylib+0x48694c], sa_mask[0]=11111111011111110111111111111111, sa_flags=SA_RESTART|SA_SIGINFO
SIGUSR1: SIG_DFL, sa_mask[0]=00000000000000000000000000000000, sa_flags=none
SIGUSR2: [libjvm.dylib+0x48646a], sa_mask[0]=00100000000000000000000000000000, sa_flags=SA_RESTART|SA_SIGINFO
SIGHUP: [libjvm.dylib+0x484a41], sa_mask[0]=11111111011111110111111111111111, sa_flags=SA_RESTART|SA_SIGINFO
SIGINT: [libjvm.dylib+0x484a41], sa_mask[0]=11111111011111110111111111111111, sa_flags=SA_RESTART|SA_SIGINFO
SIGTERM: [libjvm.dylib+0x484a41], sa_mask[0]=11111111011111110111111111111111, sa_flags=SA_RESTART|SA_SIGINFO
SIGQUIT: [libjvm.dylib+0x484a41], sa_mask[0]=11111111011111110111111111111111, sa_flags=SA_RESTART|SA_SIGINFO


---------------  S Y S T E M  ---------------

OS:Bsduname:Darwin 18.2.0 Darwin Kernel Version 18.2.0: Thu Dec 20 20:46:53 PST 2018; root:xnu-4903.241.1~1/RELEASE_X86_64 x86_64
rlimit: STACK 8192k, CORE 0k, NPROC 1418, NOFILE 10240, AS infinity
load average:2.54 2.53 2.58

CPU:total 8 (4 cores per cpu, 2 threads per core) family 6 model 70 stepping 1, cmov, cx8, fxsr, mmx, sse, sse2, sse3, ssse3, sse4.1, sse4.2, popcnt, avx, avx2, aes, clmul, erms, lzcnt, ht, tsc, tscinvbit, bmi1, bmi2

Memory: 4k page, physical 16777216k(612900k free)

/proc/meminfo:


vm_info: Java HotSpot(TM) 64-Bit Server VM (25.101-b13) for bsd-amd64 JRE (1.8.0_101-b13), built on Jun 22 2016 02:42:15 by "java_re" with gcc 4.2.1 (Based on Apple Inc. build 5658) (LLVM build 2336.11.00)

time: Thu Aug  1 22:04:04 2019
elapsed time: 9 seconds (0d 0h 0m 9s)

